{"url":"/blogs/44","method":"GET","date":"2018-1-29 23:03:50","level":"info","message":"request recieved"}
{"url":"/blogs/44","method":"PATCH","date":"2018-1-29 23:08:35","level":"info","message":"request recieved"}
{"url":"/blogs/45","method":"DELETE","date":"2018-1-29 23:10:21","level":"info","message":"request recieved"}
{"url":"/","method":"GET","date":"2018-2-4 23:27:14","level":"info","message":"request recieved"}
{"url":"/blogs","method":"POST","date":"2018-2-4 23:28:31","level":"info","message":"request recieved"}
{"url":"/blogs","method":"GET","date":"2018-2-4 23:28:42","level":"info","message":"request recieved"}
{"url":"/blogs","method":"POST","date":"2018-2-4 23:31:58","level":"info","message":"request recieved"}
{"url":"/blogs","method":"GET","date":"2018-2-4 23:32:07","level":"info","message":"request recieved"}
{"url":"/blogs","method":"GET","date":"2018-2-4 23:33:23","level":"info","message":"request recieved"}
{"url":"/blogs","method":"GET","date":"2018-2-4 23:37:28","level":"info","message":"request recieved"}
{"url":"/blogs","method":"GET","date":"2018-2-4 23:37:51","level":"info","message":"request recieved"}
{"url":"/blogs","method":"GET","date":"2018-2-4 23:39:39","level":"info","message":"request recieved"}
{"url":"/blogs/5a776cefd747f42740e96f2a","method":"GET","date":"2018-2-4 23:39:49","level":"info","message":"request recieved"}
{"url":"/blogs/5a776cefd747f42740e96f2a","method":"GET","date":"2018-2-4 23:43:49","level":"info","message":"request recieved"}
{"url":"/blogs","method":"GET","date":"2018-2-4 23:43:52","level":"info","message":"request recieved"}
{"url":"/blogs/5a776cefd747f42740e96f2b","method":"GET","date":"2018-2-4 23:44:02","level":"info","message":"request recieved"}
{"url":"/blogs/5a776cefd747f42740e96f2b","method":"GET","date":"2018-2-4 23:49:36","level":"info","message":"request recieved"}
{"url":"/blogs/5a776cefd747f42740e96f2a","method":"GET","date":"2018-2-4 23:49:40","level":"info","message":"request recieved"}
{"url":"/blogs/5a776cefd747f42740e96f2a","method":"GET","date":"2018-2-4 23:51:35","level":"info","message":"request recieved"}
{"url":"/blogs/5a776cefd747f42740e96f2a","method":"PUT","date":"2018-2-4 23:52:14","level":"info","message":"request recieved"}
{"url":"/blogs/5a776cefd747f42740e96f2a","method":"PUT","date":"2018-2-4 23:52:37","level":"info","message":"request recieved"}
{"url":"/blogs/5a776cefd747f42740e96f2a","method":"PUT","date":"2018-2-4 23:53:12","level":"info","message":"request recieved"}
{"url":"/blogs/5a776cefd747f42740e96f2a","method":"PUT","date":"2018-2-4 23:54:01","level":"info","message":"request recieved"}
{"url":"/blogs/5a776cefd747f42740e96f2a","method":"GET","date":"2018-2-4 23:54:06","level":"info","message":"request recieved"}
{"url":"/blogs/5a776cefd747f42740e96f2a","method":"PUT","date":"2018-2-4 23:55:26","level":"info","message":"request recieved"}
{"url":"/blogs/5a776cefd747f42740e96f2a","method":"PUT","date":"2018-2-4 23:56:01","level":"info","message":"request recieved"}
{"url":"/blogs/5a776cefd747f42740e96f2a","method":"GET","date":"2018-2-4 23:56:10","level":"info","message":"request recieved"}
{"url":"/blogs","method":"GET","date":"2018-2-4 23:56:18","level":"info","message":"request recieved"}
{"url":"/","method":"GET","date":"2018-3-1 22:35:13","level":"info","message":"request recieved"}
{"url":"/favicon.ico","method":"GET","date":"2018-3-1 22:35:14","level":"info","message":"request recieved"}
{"url":"/","method":"GET","date":"2018-3-1 22:36:56","level":"info","message":"request recieved"}
{"url":"/","method":"GET","date":"2018-3-1 22:55:40","level":"info","message":"request recieved"}
{"url":"/favicon.ico","method":"GET","date":"2018-3-1 22:55:41","level":"info","message":"request recieved"}
{"url":"/","method":"GET","date":"2018-3-1 23:06:01","level":"info","message":"request recieved"}
{"url":"/favicon.ico","method":"GET","date":"2018-3-1 23:06:03","level":"info","message":"request recieved"}
{"url":"/api/blogs/","method":"GET","date":"2018-3-1 23:07:41","level":"info","message":"request recieved"}
{"url":"/api/blogs/","method":"GET","date":"2018-3-1 23:08:31","level":"info","message":"request recieved"}
